c:\users\carlos\documents\visual studio 2015\projects\nespithe\naudio\x64\debug\naudio.pdb
c:\users\carlos\documents\visual studio 2015\projects\nespithe\naudio\x64\debug\naudio.idb
c:\users\carlos\documents\visual studio 2015\projects\nespithe\naudio\x64\debug\effect.obj
c:\users\carlos\documents\visual studio 2015\projects\nespithe\naudio\x64\debug\filters.obj
c:\users\carlos\documents\visual studio 2015\projects\nespithe\naudio\x64\debug\filterutils.obj
c:\users\carlos\documents\visual studio 2015\projects\nespithe\naudio\x64\debug\fixedvalue.obj
c:\users\carlos\documents\visual studio 2015\projects\nespithe\naudio\x64\debug\generator.obj
c:\users\carlos\documents\visual studio 2015\projects\nespithe\naudio\x64\debug\lfnoise.obj
c:\users\carlos\documents\visual studio 2015\projects\nespithe\naudio\x64\debug\mixer.obj
c:\users\carlos\documents\visual studio 2015\projects\nespithe\naudio\x64\debug\monotostereopanner.obj
c:\users\carlos\documents\visual studio 2015\projects\nespithe\naudio\x64\debug\noise.obj
c:\users\carlos\documents\visual studio 2015\projects\nespithe\naudio\x64\debug\rampedvalue.obj
c:\users\carlos\documents\visual studio 2015\projects\nespithe\naudio\x64\debug\rectwave.obj
c:\users\carlos\documents\visual studio 2015\projects\nespithe\naudio\x64\debug\reverb.obj
c:\users\carlos\documents\visual studio 2015\projects\nespithe\naudio\x64\debug\ringbuffer.obj
c:\users\carlos\documents\visual studio 2015\projects\nespithe\naudio\x64\debug\sampletable.obj
c:\users\carlos\documents\visual studio 2015\projects\nespithe\naudio\x64\debug\sawtoothwave.obj
c:\users\carlos\documents\visual studio 2015\projects\nespithe\naudio\x64\debug\sinewave.obj
c:\users\carlos\documents\visual studio 2015\projects\nespithe\naudio\x64\debug\stereodelay.obj
c:\users\carlos\documents\visual studio 2015\projects\nespithe\naudio\x64\debug\synth.obj
c:\users\carlos\documents\visual studio 2015\projects\nespithe\naudio\x64\debug\tablelookuposc.obj
c:\users\carlos\documents\visual studio 2015\projects\nespithe\naudio\x64\debug\naudioframes.obj
c:\users\carlos\documents\visual studio 2015\projects\nespithe\naudio\x64\debug\controldelay.obj
c:\users\carlos\documents\visual studio 2015\projects\nespithe\naudio\x64\debug\controlfloor.obj
c:\users\carlos\documents\visual studio 2015\projects\nespithe\naudio\x64\debug\controlgenerator.obj
c:\users\carlos\documents\visual studio 2015\projects\nespithe\naudio\x64\debug\controlmetro.obj
c:\users\carlos\documents\visual studio 2015\projects\nespithe\naudio\x64\debug\controlmetrodivider.obj
c:\users\carlos\documents\visual studio 2015\projects\nespithe\naudio\x64\debug\controlmiditofreq.obj
c:\users\carlos\documents\visual studio 2015\projects\nespithe\naudio\x64\debug\controlparameter.obj
c:\users\carlos\documents\visual studio 2015\projects\nespithe\naudio\x64\debug\controlprinter.obj
c:\users\carlos\documents\visual studio 2015\projects\nespithe\naudio\x64\debug\controlpulse.obj
c:\users\carlos\documents\visual studio 2015\projects\nespithe\naudio\x64\debug\controlrandom.obj
c:\users\carlos\documents\visual studio 2015\projects\nespithe\naudio\x64\debug\controlrecorder.obj
c:\users\carlos\documents\visual studio 2015\projects\nespithe\naudio\x64\debug\controlsnaptoscale.obj
c:\users\carlos\documents\visual studio 2015\projects\nespithe\naudio\x64\debug\controlstepper.obj
c:\users\carlos\documents\visual studio 2015\projects\nespithe\naudio\x64\debug\controlswitcher.obj
c:\users\carlos\documents\visual studio 2015\projects\nespithe\naudio\x64\debug\controltrigger.obj
c:\users\carlos\documents\visual studio 2015\projects\nespithe\naudio\x64\debug\controltriggerfilter.obj
c:\users\carlos\documents\visual studio 2015\projects\nespithe\naudio\x64\debug\controlvalue.obj
c:\users\carlos\documents\visual studio 2015\projects\nespithe\naudio\x64\debug\controlxyspeed.obj
c:\users\carlos\documents\visual studio 2015\projects\nespithe\naudio\x64\debug\delayutils.obj
c:\users\carlos\documents\visual studio 2015\projects\nespithe\naudio\x64\debug\dsputils.obj
c:\users\carlos\documents\visual studio 2015\projects\nespithe\naudio\x64\debug\adsr.obj
c:\users\carlos\documents\visual studio 2015\projects\nespithe\naudio\x64\debug\arithmetic.obj
c:\users\carlos\documents\visual studio 2015\projects\nespithe\naudio\x64\debug\audiofileutils.obj
c:\users\carlos\documents\visual studio 2015\projects\nespithe\naudio\x64\debug\basicdelay.obj
c:\users\carlos\documents\visual studio 2015\projects\nespithe\naudio\x64\debug\bitcrusher.obj
c:\users\carlos\documents\visual studio 2015\projects\nespithe\naudio\x64\debug\bleposcillator.obj
c:\users\carlos\documents\visual studio 2015\projects\nespithe\naudio\x64\debug\bufferfiller.obj
c:\users\carlos\documents\visual studio 2015\projects\nespithe\naudio\x64\debug\bufferplayer.obj
c:\users\carlos\documents\visual studio 2015\projects\nespithe\naudio\x64\debug\combfilter.obj
c:\users\carlos\documents\visual studio 2015\projects\nespithe\naudio\x64\debug\compressorlimiter.obj
c:\users\carlos\documents\visual studio 2015\projects\nespithe\naudio\x64\debug\controlarithmetic.obj
c:\users\carlos\documents\visual studio 2015\projects\nespithe\naudio\x64\debug\controlcallback.obj
c:\users\carlos\documents\visual studio 2015\projects\nespithe\naudio\x64\debug\controlchangenotifier.obj
c:\users\carlos\documents\visual studio 2015\projects\nespithe\naudio\x64\debug\controlcomparison.obj
c:\users\carlos\documents\visual studio 2015\projects\nespithe\naudio\x64\debug\controlconditioner.obj
c:\users\carlos\documents\visual studio 2015\projects\nespithe\naudio\x64\debug\controlcounter.obj
c:\users\carlos\documents\visual studio 2015\projects\nespithe\naudio\x64\debug\controldbtolinear.obj
c:\users\carlos\documents\visual studio 2015\projects\nespithe\x64\debug\naudio.lib
c:\users\carlos\documents\visual studio 2015\projects\nespithe\naudio\x64\debug\naudio.vcxprojresolveassemblyreference.cache
c:\users\carlos\documents\visual studio 2015\projects\nespithe\x64\debug\naudio.pdb
c:\users\carlos\documents\visual studio 2015\projects\nespithe\naudio\x64\debug\naudio.tlog\cl.command.1.tlog
c:\users\carlos\documents\visual studio 2015\projects\nespithe\naudio\x64\debug\naudio.tlog\cl.read.1.tlog
c:\users\carlos\documents\visual studio 2015\projects\nespithe\naudio\x64\debug\naudio.tlog\cl.write.1.tlog
c:\users\carlos\documents\visual studio 2015\projects\nespithe\naudio\x64\debug\naudio.tlog\lib-link.read.1.tlog
c:\users\carlos\documents\visual studio 2015\projects\nespithe\naudio\x64\debug\naudio.tlog\lib-link.write.1.tlog
c:\users\carlos\documents\visual studio 2015\projects\nespithe\naudio\x64\debug\naudio.tlog\lib.command.1.tlog
